Build started 2017-10-10 오전 1:50:21.
     1>Project "C:\Users\Beom2\Desktop\초심을잃지말자\C프로그래밍(고급)_visual2010\Assignment1010\Assignment1010\Assignment1010.vcxproj" on node 2 (build target(s)).
     1>InitializeBuildStatus:
         Creating "Debug\Assignment1010.unsuccessfulbuild" because "AlwaysCreate" was specified.
       ClCompile:
         C:\Program Files (x86)\Microsoft Visual Studio 10.0\VC\bin\CL.exe /c /ZI /nologo /W3 /WX- /Od /Oy- /D _MBCS /Gm /EHsc /RTC1 /MDd /GS /fp:precise /Zc:wchar_t /Zc:forScope /Fo"Debug\\" /Fd"Debug\vc100.pdb" /Gd /TC /analyze- /errorReport:prompt assignment1010.c
         assignment1010.c
     1>c:\users\beom2\desktop\초심을잃지말자\c프로그래밍(고급)_visual2010\assignment1010\assignment1010\assignment1010.c(31): warning C4996: 'scanf': This function or variable may be unsafe. Consider using scanf_s instead. To disable deprecation, use _CRT_SECURE_NO_WARNINGS. See online help for details.
                 c:\program files (x86)\microsoft visual studio 10.0\vc\include\stdio.h(304) : see declaration of 'scanf'
     1>c:\users\beom2\desktop\초심을잃지말자\c프로그래밍(고급)_visual2010\assignment1010\assignment1010\assignment1010.c(36): warning C4996: 'scanf': This function or variable may be unsafe. Consider using scanf_s instead. To disable deprecation, use _CRT_SECURE_NO_WARNINGS. See online help for details.
                 c:\program files (x86)\microsoft visual studio 10.0\vc\include\stdio.h(304) : see declaration of 'scanf'
     1>c:\users\beom2\desktop\초심을잃지말자\c프로그래밍(고급)_visual2010\assignment1010\assignment1010\assignment1010.c(37): warning C4996: 'scanf': This function or variable may be unsafe. Consider using scanf_s instead. To disable deprecation, use _CRT_SECURE_NO_WARNINGS. See online help for details.
                 c:\program files (x86)\microsoft visual studio 10.0\vc\include\stdio.h(304) : see declaration of 'scanf'
     1>c:\users\beom2\desktop\초심을잃지말자\c프로그래밍(고급)_visual2010\assignment1010\assignment1010\assignment1010.c(38): warning C4996: 'scanf': This function or variable may be unsafe. Consider using scanf_s instead. To disable deprecation, use _CRT_SECURE_NO_WARNINGS. See online help for details.
                 c:\program files (x86)\microsoft visual studio 10.0\vc\include\stdio.h(304) : see declaration of 'scanf'
     1>c:\users\beom2\desktop\초심을잃지말자\c프로그래밍(고급)_visual2010\assignment1010\assignment1010\assignment1010.c(39): warning C4996: 'scanf': This function or variable may be unsafe. Consider using scanf_s instead. To disable deprecation, use _CRT_SECURE_NO_WARNINGS. See online help for details.
                 c:\program files (x86)\microsoft visual studio 10.0\vc\include\stdio.h(304) : see declaration of 'scanf'
     1>c:\users\beom2\desktop\초심을잃지말자\c프로그래밍(고급)_visual2010\assignment1010\assignment1010\assignment1010.c(40): warning C4996: 'scanf': This function or variable may be unsafe. Consider using scanf_s instead. To disable deprecation, use _CRT_SECURE_NO_WARNINGS. See online help for details.
                 c:\program files (x86)\microsoft visual studio 10.0\vc\include\stdio.h(304) : see declaration of 'scanf'
     1>c:\users\beom2\desktop\초심을잃지말자\c프로그래밍(고급)_visual2010\assignment1010\assignment1010\assignment1010.c(41): warning C4996: 'scanf': This function or variable may be unsafe. Consider using scanf_s instead. To disable deprecation, use _CRT_SECURE_NO_WARNINGS. See online help for details.
                 c:\program files (x86)\microsoft visual studio 10.0\vc\include\stdio.h(304) : see declaration of 'scanf'
     1>c:\users\beom2\desktop\초심을잃지말자\c프로그래밍(고급)_visual2010\assignment1010\assignment1010\assignment1010.c(75): warning C4996: 'scanf': This function or variable may be unsafe. Consider using scanf_s instead. To disable deprecation, use _CRT_SECURE_NO_WARNINGS. See online help for details.
                 c:\program files (x86)\microsoft visual studio 10.0\vc\include\stdio.h(304) : see declaration of 'scanf'
     1>c:\users\beom2\desktop\초심을잃지말자\c프로그래밍(고급)_visual2010\assignment1010\assignment1010\assignment1010.c(78): warning C4996: 'scanf': This function or variable may be unsafe. Consider using scanf_s instead. To disable deprecation, use _CRT_SECURE_NO_WARNINGS. See online help for details.
                 c:\program files (x86)\microsoft visual studio 10.0\vc\include\stdio.h(304) : see declaration of 'scanf'
     1>c:\users\beom2\desktop\초심을잃지말자\c프로그래밍(고급)_visual2010\assignment1010\assignment1010\assignment1010.c(21): warning C4101: 'tmp' : unreferenced local variable
       Link:
         C:\Program Files (x86)\Microsoft Visual Studio 10.0\VC\bin\link.exe /ERRORREPORT:PROMPT /OUT:"C:\Users\Beom2\Desktop\초심을잃지말자\C프로그래밍(고급)_visual2010\Assignment1010\Debug\Assignment1010.exe" /NOLOGO kernel32.lib user32.lib gdi32.lib winspool.lib comdlg32.lib advapi32.lib shell32.lib ole32.lib oleaut32.lib uuid.lib odbc32.lib odbccp32.lib /MANIFEST /ManifestFile:"Debug\Assignment1010.exe.intermediate.manifest" /MANIFESTUAC:"level='asInvoker' uiAccess='false'" /DEBUG /PDB:"C:\Users\Beom2\Desktop\초심을잃지말자\C프로그래밍(고급)_visual2010\Assignment1010\Debug\Assignment1010.pdb" /SUBSYSTEM:CONSOLE /TLBID:1 /DYNAMICBASE /NXCOMPAT /IMPLIB:"C:\Users\Beom2\Desktop\초심을잃지말자\C프로그래밍(고급)_visual2010\Assignment1010\Debug\Assignment1010.lib" /MACHINE:X86 Debug\assignment1010.obj
         LINK : C:\Users\Beom2\Desktop\초심을잃지말자\C프로그래밍(고급)_visual2010\Assignment1010\Debug\Assignment1010.exe not found or not built by the last incremental link; performing full link
         Assignment1010.vcxproj -> C:\Users\Beom2\Desktop\초심을잃지말자\C프로그래밍(고급)_visual2010\Assignment1010\Debug\Assignment1010.exe
       Manifest:
         C:\Program Files (x86)\Microsoft SDKs\Windows\v7.0A\bin\mt.exe /nologo /verbose /outputresource:"C:\Users\Beom2\Desktop\초심을잃지말자\C프로그래밍(고급)_visual2010\Assignment1010\Debug\Assignment1010.exe;#1" /manifest Debug\Assignment1010.exe.intermediate.manifest
       FinalizeBuildStatus:
         Deleting file "Debug\Assignment1010.unsuccessfulbuild".
         Touching "Debug\Assignment1010.lastbuildstate".
     1>Done Building Project "C:\Users\Beom2\Desktop\초심을잃지말자\C프로그래밍(고급)_visual2010\Assignment1010\Assignment1010\Assignment1010.vcxproj" (build target(s)).

Build succeeded.

Time Elapsed 00:00:00.47
