Build started 2017-10-11 오후 10:41:36.
     1>Project "C:\Users\Beom2\Desktop\초심을잃지말자\C프로그래밍(고급)_visual2010\Assignment1011\Assignment1011\Assignment1011.vcxproj" on node 2 (build target(s)).
     1>InitializeBuildStatus:
         Creating "Debug\Assignment1011.unsuccessfulbuild" because "AlwaysCreate" was specified.
       ClCompile:
         C:\Program Files (x86)\Microsoft Visual Studio 10.0\VC\bin\CL.exe /c /ZI /nologo /W3 /WX- /Od /Oy- /D _MBCS /Gm /EHsc /RTC1 /MDd /GS /fp:precise /Zc:wchar_t /Zc:forScope /Fo"Debug\\" /Fd"Debug\vc100.pdb" /Gd /TP /analyze- /errorReport:prompt assignment1011_11.cpp
         assignment1011_11.cpp
     1>c:\users\beom2\desktop\초심을잃지말자\c프로그래밍(고급)_visual2010\assignment1011\assignment1011\assignment1011_11.cpp(12): warning C4996: 'scanf': This function or variable may be unsafe. Consider using scanf_s instead. To disable deprecation, use _CRT_SECURE_NO_WARNINGS. See online help for details.
                 c:\program files (x86)\microsoft visual studio 10.0\vc\include\stdio.h(304) : see declaration of 'scanf'
       Link:
         C:\Program Files (x86)\Microsoft Visual Studio 10.0\VC\bin\link.exe /ERRORREPORT:PROMPT /OUT:"C:\Users\Beom2\Desktop\초심을잃지말자\C프로그래밍(고급)_visual2010\Assignment1011\Debug\Assignment1011.exe" /NOLOGO kernel32.lib user32.lib gdi32.lib winspool.lib comdlg32.lib advapi32.lib shell32.lib ole32.lib oleaut32.lib uuid.lib odbc32.lib odbccp32.lib /MANIFEST /ManifestFile:"Debug\Assignment1011.exe.intermediate.manifest" /MANIFESTUAC:"level='asInvoker' uiAccess='false'" /DEBUG /PDB:"C:\Users\Beom2\Desktop\초심을잃지말자\C프로그래밍(고급)_visual2010\Assignment1011\Debug\Assignment1011.pdb" /SUBSYSTEM:CONSOLE /TLBID:1 /DYNAMICBASE /NXCOMPAT /IMPLIB:"C:\Users\Beom2\Desktop\초심을잃지말자\C프로그래밍(고급)_visual2010\Assignment1011\Debug\Assignment1011.lib" /MACHINE:X86 Debug\assignment1011_11.obj
         LINK : C:\Users\Beom2\Desktop\초심을잃지말자\C프로그래밍(고급)_visual2010\Assignment1011\Debug\Assignment1011.exe not found or not built by the last incremental link; performing full link
         Assignment1011.vcxproj -> C:\Users\Beom2\Desktop\초심을잃지말자\C프로그래밍(고급)_visual2010\Assignment1011\Debug\Assignment1011.exe
       Manifest:
         C:\Program Files (x86)\Microsoft SDKs\Windows\v7.0A\bin\mt.exe /nologo /verbose /outputresource:"C:\Users\Beom2\Desktop\초심을잃지말자\C프로그래밍(고급)_visual2010\Assignment1011\Debug\Assignment1011.exe;#1" /manifest Debug\Assignment1011.exe.intermediate.manifest
       FinalizeBuildStatus:
         Deleting file "Debug\Assignment1011.unsuccessfulbuild".
         Touching "Debug\Assignment1011.lastbuildstate".
     1>Done Building Project "C:\Users\Beom2\Desktop\초심을잃지말자\C프로그래밍(고급)_visual2010\Assignment1011\Assignment1011\Assignment1011.vcxproj" (build target(s)).

Build succeeded.

Time Elapsed 00:00:00.84
